<?xml version="1.0" encoding="UTF-8"?>
<!-- Generated by org.testng.reporters.JUnitXMLReporter -->
<testsuite hostname="Sashi.local" ignored="1" name="Command line test" tests="2" failures="0" timestamp="24 May 2020 18:15:23 GMT" time="0.036" errors="0">
  <testcase name="test_multiply" time="0.007" classname="smartbytes.aswini.testcases.CalculatorTest"/>
  <testcase name="test_subtract" time="0.001" classname="smartbytes.aswini.testcases.CalculatorTest"/>
  <testcase name="test_add" time="0.0" classname="smartbytes.aswini.testcases.CalculatorTest">
    <ignored/>
  </testcase> <!-- test_add -->
</testsuite> <!-- Command line test -->
