<?xml version="1.0" encoding="UTF-8"?>
<!-- Generated by org.testng.reporters.JUnitXMLReporter -->
<testsuite hostname="Sashi.local" ignored="0" name="Command line test" tests="3" failures="0" timestamp="24 May 2020 18:15:36 GMT" time="3.063" errors="0">
  <testcase name="test_create_product on test_create_product(smartbytes.aswini.TestProductAPI)" time="3.02" classname="smartbytes.aswini.TestProductAPI"/>
  <testcase name="test_login_with_invalid_credentials on test_login_with_invalid_credentials(smartbytes.aswini.testcases.AuthenticationServiceTest)" time="0.0" classname="smartbytes.aswini.testcases.AuthenticationServiceTest"/>
  <testcase name="test_login_with_valid_credentials on test_login_with_valid_credentials(smartbytes.aswini.testcases.AuthenticationServiceTest)" time="0.001" classname="smartbytes.aswini.testcases.AuthenticationServiceTest"/>
</testsuite> <!-- Command line test -->
