<?xml version="1.0" encoding="UTF-8"?>
<testng-results skipped="0" failed="0" ignored="1" total="3" passed="2">
  <reporter-output>
  </reporter-output>
  <suite name="Default suite" duration-ms="104" started-at="2020-05-24T07:12:43Z" finished-at="2020-05-24T07:12:43Z">
    <groups>
    </groups>
    <test name="Default test" duration-ms="104" started-at="2020-05-24T07:12:43Z" finished-at="2020-05-24T07:12:43Z">
      <class name="smartbytes.aswini.testcases.CalculatorTest">
        <test-method status="PASS" signature="test_multiply()[pri:0, instance:smartbytes.aswini.testcases.CalculatorTest@55ca8de8]" name="test_multiply" duration-ms="21" started-at="2020-05-24T07:12:43Z" finished-at="2020-05-24T07:12:43Z">
          <reporter-output>
          </reporter-output>
        </test-method> <!-- test_multiply -->
        <test-method status="PASS" signature="test_subtract()[pri:0, instance:smartbytes.aswini.testcases.CalculatorTest@55ca8de8]" name="test_subtract" duration-ms="1" started-at="2020-05-24T07:12:43Z" finished-at="2020-05-24T07:12:43Z">
          <reporter-output>
          </reporter-output>
        </test-method> <!-- test_subtract -->
      </class> <!-- smartbytes.aswini.testcases.CalculatorTest -->
    </test> <!-- Default test -->
  </suite> <!-- Default suite -->
</testng-results>
